<?xml version="1.0" encoding="UTF-8"?>
<!-- Generated by org.testng.reporters.JUnitXMLReporter -->
<testsuite hostname="ManiMaran-PC" ignored="0" name="Test" tests="1" failures="0" timestamp="31 Jul 2018 17:47:23 GMT" time="1.502" errors="0">
  <testcase name="@BeforeMethod environment_setup" time="0.0" classname="testcase.catalog_search">
    <failure type="java.lang.IllegalStateException" message="The path to the driver executable must be set by the webdriver.gecko.driver system property; for more information, see https://github.com/mozilla/geckodriver. The latest version can be downloaded from https://github.com/mozilla/geckodriver/releases">
      <![CDATA[java.lang.IllegalStateException: The path to the driver executable must be set by the webdriver.gecko.driver system property; for more information, see https://github.com/mozilla/geckodriver. The latest version can be downloaded from https://github.com/mozilla/geckodriver/releases
	at com.google.common.base.Preconditions.checkState(Preconditions.java:847)
	at org.openqa.selenium.remote.service.DriverService.findExecutable(DriverService.java:125)
	at org.openqa.selenium.firefox.GeckoDriverService.access$100(GeckoDriverService.java:43)
	at org.openqa.selenium.firefox.GeckoDriverService$Builder.findDefaultExecutable(GeckoDriverService.java:166)
	at org.openqa.selenium.remote.service.DriverService$Builder.build(DriverService.java:346)
	at org.openqa.selenium.firefox.FirefoxDriver.toExecutor(FirefoxDriver.java:168)
	at org.openqa.selenium.firefox.FirefoxDriver.<init>(FirefoxDriver.java:125)
	at org.openqa.selenium.firefox.FirefoxDriver.<init>(FirefoxDriver.java:103)
	at testcase.catalog_search.environment_setup(catalog_search.java:27)
... Removed 31 stack frames]]>
    </failure>
  </testcase> <!-- @BeforeMethod environment_setup -->
  <testcase name="Amazon_search" time="0.003" classname="testcase.catalog_search">
    <skipped/>
  </testcase> <!-- Amazon_search -->
</testsuite> <!-- Test -->
